<?xml version="1.0" encoding="UTF-8"?>
<!-- Generated by org.testng.reporters.JUnitReportReporter -->
<testsuite skipped="0" hostname="DESKTOP-QRBR7TR" name="org.cts.TestngPractice" tests="7" failures="0" timestamp="06 Dec 2021 06:56:35 GMT" time="22.140" errors="0">
  <testcase name="tc3" time="3.120" classname="org.cts.TestngPractice"/>
  <testcase name="tc3" time="3.830" classname="org.cts.TestngPractice"/>
  <testcase name="tc3" time="2.895" classname="org.cts.TestngPractice"/>
  <testcase name="tc3" time="3.076" classname="org.cts.TestngPractice"/>
  <testcase name="tc3" time="3.469" classname="org.cts.TestngPractice"/>
  <testcase name="tc1" time="2.873" classname="org.cts.TestngPractice"/>
  <testcase name="tc2" time="2.877" classname="org.cts.TestngPractice"/>
</testsuite> <!-- org.cts.TestngPractice -->
