<?xml version="1.0" encoding="UTF-8"?>
<!-- Generated by org.testng.reporters.JUnitReportReporter -->
<testsuite skipped="0" hostname="DESKTOP-QRBR7TR" name="org.cts.ThreadCount" tests="3" failures="0" timestamp="10 Dec 2021 13:41:10 GMT" time="0.016" errors="0">
  <testcase name="tc2" time="0.000" classname="org.cts.ThreadCount"/>
  <testcase name="tc1" time="0.016" classname="org.cts.ThreadCount"/>
  <testcase name="tc3" time="0.000" classname="org.cts.ThreadCount"/>
</testsuite> <!-- org.cts.ThreadCount -->
