<?xml version="1.0" encoding="UTF-8"?>
<!-- Generated by org.testng.reporters.JUnitReportReporter -->
<testsuite skipped="0" hostname="DESKTOP-QRBR7TR" name="org.cts.Parameter" tests="1" failures="0" timestamp="06 Dec 2021 13:34:10 GMT" time="2.696" errors="0">
  <testcase name="tc1" time="2.696" classname="org.cts.Parameter"/>
</testsuite> <!-- org.cts.Parameter -->
