<?xml version="1.0" encoding="UTF-8"?>
<!-- Generated by org.testng.reporters.JUnitReportReporter -->
<testsuite skipped="0" hostname="DESKTOP-QRBR7TR" name="org.cts.AmazonTesting" tests="2" failures="0" timestamp="10 Dec 2021 13:17:58 GMT" time="15.476" errors="0">
  <testcase name="checkTitle" time="6.781" classname="org.cts.AmazonTesting"/>
  <testcase name="searchbox" time="8.695" classname="org.cts.AmazonTesting"/>
</testsuite> <!-- org.cts.AmazonTesting -->
