<?xml version="1.0" encoding="UTF-8"?>
<!-- Generated by org.testng.reporters.JUnitReportReporter -->
<testsuite skipped="0" hostname="DESKTOP-QRBR7TR" name="org.cts.ThreadCount2" tests="3" failures="0" timestamp="10 Dec 2021 13:41:10 GMT" time="0.032" errors="0">
  <testcase name="tc22" time="0.000" classname="org.cts.ThreadCount2"/>
  <testcase name="tc11" time="0.016" classname="org.cts.ThreadCount2"/>
  <testcase name="tc33" time="0.016" classname="org.cts.ThreadCount2"/>
</testsuite> <!-- org.cts.ThreadCount2 -->
