<?xml version="1.0" encoding="UTF-8"?>
<!-- Generated by org.testng.reporters.JUnitReportReporter -->
<testsuite skipped="0" hostname="DESKTOP-QRBR7TR" name="org.cts.Crossbrowser" tests="3" failures="0" timestamp="16 Dec 2021 16:07:40 GMT" time="37.284" errors="0">
  <testcase name="tc1" time="3.187" classname="org.cts.Crossbrowser"/>
  <testcase name="tc1" time="10.147" classname="org.cts.Crossbrowser"/>
  <testcase name="tc1" time="23.950" classname="org.cts.Crossbrowser"/>
</testsuite> <!-- org.cts.Crossbrowser -->
