<?xml version="1.0" encoding="UTF-8"?>
<!-- Generated by org.testng.reporters.JUnitReportReporter -->
<testsuite skipped="0" hostname="DESKTOP-QRBR7TR" name="org.cts.Aclass" tests="1" failures="0" timestamp="08 Dec 2021 13:12:33 GMT" time="0.003" errors="0">
  <testcase name="ta1" time="0.003" classname="org.cts.Aclass"/>
</testsuite> <!-- org.cts.Aclass -->
