<?xml version="1.0" encoding="UTF-8"?>
<!-- Generated by org.testng.reporters.JUnitReportReporter -->
<testsuite skipped="0" hostname="DESKTOP-QRBR7TR" name="org.tcs.Testing$A" tests="2" failures="0" timestamp="02 Dec 2021 19:05:47 GMT" time="0.032" errors="0">
  <testcase name="ta1" time="0.029" classname="org.tcs.Testing$A"/>
  <testcase name="ta2" time="0.003" classname="org.tcs.Testing$A"/>
</testsuite> <!-- org.tcs.Testing$A -->
